Using pre-set license
Built from '2020.3/staging' branch; Version is '2020.3.25f1 (9b9180224418) revision 10195328'; Using compiler version '192528614'; Build Type 'Release'
OS: 'Windows 10  (10.0.19043) 64bit Core' Language: 'en' Physical Memory: 16230 MB
BatchMode: 1, IsHumanControllingUs: 0, StartBugReporterOnCrash: 0, Is64bit: 1, IsPro: 0

COMMAND LINE ARGUMENTS:
C:\Program Files\Unity\Hub\Editor\2020.3.25f1\Editor\Unity.exe
-adb2
-batchMode
-noUpm
-name
AssetImportWorker0
-projectPath
D:/Backgammon/Backgammon-2020
-logFile
Logs/AssetImportWorker0.log
-srvPort
56113
Successfully changed project path to: D:/Backgammon/Backgammon-2020
D:/Backgammon/Backgammon-2020
Using Asset Import Pipeline V2.
Refreshing native plugins compatible for Editor in 81.36 ms, found 2 plugins.
Preloading 0 native plugins for Editor in 0.00 ms.
Initialize engine version: 2020.3.25f1 (9b9180224418)
[Subsystems] Discovering subsystems at path C:/Program Files/Unity/Hub/Editor/2020.3.25f1/Editor/Data/Resources/UnitySubsystems
[Subsystems] Discovering subsystems at path D:/Backgammon/Backgammon-2020/Assets
GfxDevice: creating device client; threaded=0
Direct3D:
    Version:  Direct3D 11.0 [level 11.1]
    Renderer: NVIDIA GeForce GTX 1650 with Max-Q Design (ID=0x1f91)
    Vendor:   
    VRAM:     3962 MB
    Driver:   30.0.14.7212
Initialize mono
Mono path[0] = 'C:/Program Files/Unity/Hub/Editor/2020.3.25f1/Editor/Data/Managed'
Mono path[1] = 'C:/Program Files/Unity/Hub/Editor/2020.3.25f1/Editor/Data/MonoBleedingEdge/lib/mono/unityjit'
Mono config path = 'C:/Program Files/Unity/Hub/Editor/2020.3.25f1/Editor/Data/MonoBleedingEdge/etc'
Using monoOptions --debugger-agent=transport=dt_socket,embedding=1,server=y,suspend=n,address=127.0.0.1:56124
Begin MonoManager ReloadAssembly
Registering precompiled unity dll's ...
Register platform support module: C:/Program Files/Unity/Hub/Editor/2020.3.25f1/Editor/Data/PlaybackEngines/WindowsStandaloneSupport/UnityEditor.WindowsStandalone.Extensions.dll
Registered in 0.003315 seconds.
Native extension for WindowsStandalone target not found
Refreshing native plugins compatible for Editor in 77.61 ms, found 2 plugins.
Preloading 0 native plugins for Editor in 0.00 ms.
Mono: successfully reloaded assembly
- Completed reload, in  1.248 seconds
Domain Reload Profiling:
	ReloadAssembly (1249ms)
		BeginReloadAssembly (111ms)
			ExecutionOrderSort (0ms)
			DisableScriptedObjects (0ms)
			BackupInstance (0ms)
			ReleaseScriptingObjects (0ms)
			CreateAndSetChildDomain (2ms)
		EndReloadAssembly (1015ms)
			LoadAssemblies (107ms)
			RebuildTransferFunctionScriptingTraits (0ms)
			SetupTypeCache (368ms)
			ReleaseScriptCaches (0ms)
			RebuildScriptCaches (87ms)
			SetupLoadedEditorAssemblies (307ms)
				LogAssemblyErrors (0ms)
				InitializePlatformSupportModulesInManaged (9ms)
				SetLoadedEditorAssemblies (1ms)
				RefreshPlugins (78ms)
				BeforeProcessingInitializeOnLoad (25ms)
				ProcessInitializeOnLoadAttributes (152ms)
				ProcessInitializeOnLoadMethodAttributes (42ms)
				AfterProcessingInitializeOnLoad (0ms)
				EditorAssembliesLoaded (0ms)
			ExecutionOrderSort2 (0ms)
			AwakeInstancesAfterBackupRestoration (0ms)
Platform modules already initialized, skipping
Registering precompiled user dll's ...
Registered in 0.004028 seconds.
Begin MonoManager ReloadAssembly
Native extension for WindowsStandalone target not found
Refreshing native plugins compatible for Editor in 0.97 ms, found 2 plugins.
Preloading 0 native plugins for Editor in 0.00 ms.
Mono: successfully reloaded assembly
- Completed reload, in  2.365 seconds
Domain Reload Profiling:
	ReloadAssembly (2366ms)
		BeginReloadAssembly (341ms)
			ExecutionOrderSort (0ms)
			DisableScriptedObjects (12ms)
			BackupInstance (0ms)
			ReleaseScriptingObjects (0ms)
			CreateAndSetChildDomain (42ms)
		EndReloadAssembly (1885ms)
			LoadAssemblies (186ms)
			RebuildTransferFunctionScriptingTraits (0ms)
			SetupTypeCache (684ms)
			ReleaseScriptCaches (1ms)
			RebuildScriptCaches (127ms)
			SetupLoadedEditorAssemblies (669ms)
				LogAssemblyErrors (0ms)
				InitializePlatformSupportModulesInManaged (12ms)
				SetLoadedEditorAssemblies (1ms)
				RefreshPlugins (1ms)
				BeforeProcessingInitializeOnLoad (177ms)
				ProcessInitializeOnLoadAttributes (448ms)
				ProcessInitializeOnLoadMethodAttributes (17ms)
				AfterProcessingInitializeOnLoad (12ms)
				EditorAssembliesLoaded (1ms)
			ExecutionOrderSort2 (0ms)
			AwakeInstancesAfterBackupRestoration (14ms)
Platform modules already initialized, skipping
========================================================================
Worker process is ready to serve import requests
Launched and connected shader compiler UnityShaderCompiler.exe after 0.07 seconds
Refreshing native plugins compatible for Editor in 0.91 ms, found 2 plugins.
Preloading 0 native plugins for Editor in 0.00 ms.
Unloading 1615 Unused Serialized files (Serialized files now loaded: 0)
System memory in use before: 71.8 MB.
System memory in use after: 71.8 MB.

Unloading 32 unused Assets to reduce memory usage. Loaded Objects now: 2035.
Total: 6.067400 ms (FindLiveObjects: 0.346700 ms CreateObjectMapping: 0.162800 ms MarkObjects: 5.428900 ms  DeleteObjects: 0.127300 ms)

AssetImportParameters requested are different than current active one (requested -> active):
  custom:framework-win-MediaFoundation: 216162199b28c13a410421893ffa2e32 -> 
  custom:video-decoder-ogg-theora: a1e56fd34408186e4bbccfd4996cb3dc -> 
  custom:container-muxer-webm: aa71ff27fc2769a1b78a27578f13a17b -> 
  custom:container-demuxer-webm: 4f35f7cbe854078d1ac9338744f61a02 -> 
  custom:container-demuxer-ogg: 62fdf1f143b41e24485cea50d1cbac27 -> 
  custom:video-encoder-webm-vp8: eb34c28f22e8b96e1ab97ce403110664 -> 
  custom:video-decoder-webm-vp8: 9c59270c3fd7afecdb556c50c9e8de78 -> 
  custom:audio-decoder-ogg-vorbis: bf7c407c2cedff20999df2af8eb42d56 -> 
  custom:audio-encoder-webm-vorbis: bf7c407c2cedff20999df2af8eb42d56 -> 
========================================================================
Received Import Request.
  path: Assets/Prefabs
  artifactKey: Guid(9b493f1b8f41ad64cbe4d8a5a994f840) Importer(815301076,1909f56bfc062723c751e8b465ee728b)
Start importing Assets/Prefabs using Guid(9b493f1b8f41ad64cbe4d8a5a994f840) Importer(815301076,1909f56bfc062723c751e8b465ee728b)  -> (artifact id: 'ef015a4028b34c57956443ca3e9feb51') in 0.007439 seconds 
  Import took 0.012559 seconds .

========================================================================
Received Import Request.
  Time since last request: 8.154825 seconds.
  path: Assets/Prefabs/Checker.prefab
  artifactKey: Guid(b91e99125520bf841842f414c2e15c91) Importer(815301076,1909f56bfc062723c751e8b465ee728b)
Start importing Assets/Prefabs/Checker.prefab using Guid(b91e99125520bf841842f414c2e15c91) Importer(815301076,1909f56bfc062723c751e8b465ee728b)  -> (artifact id: '92a23ebc9e9d12d55cc2ba7c36cd33a4') in 0.067900 seconds 
  Import took 0.073385 seconds .

========================================================================
Received Import Request.
  Time since last request: 35.702579 seconds.
  path: Assets/Prefabs/Checker.prefab
  artifactKey: Guid(b91e99125520bf841842f414c2e15c91) Importer(815301076,1909f56bfc062723c751e8b465ee728b)
Start importing Assets/Prefabs/Checker.prefab using Guid(b91e99125520bf841842f414c2e15c91) Importer(815301076,1909f56bfc062723c751e8b465ee728b)  -> (artifact id: 'f4bcff114814e8ef347c1e2d785e0b17') in 0.007677 seconds 
  Import took 0.013433 seconds .

========================================================================
Received Import Request.
  Time since last request: 2.316280 seconds.
  path: Assets/Prefabs/Checker.prefab
  artifactKey: Guid(b91e99125520bf841842f414c2e15c91) Importer(815301076,1909f56bfc062723c751e8b465ee728b)
Start importing Assets/Prefabs/Checker.prefab using Guid(b91e99125520bf841842f414c2e15c91) Importer(815301076,1909f56bfc062723c751e8b465ee728b)  -> (artifact id: '3092b1e59da95b7c8c3314f5690fd773') in 0.007736 seconds 
  Import took 0.013716 seconds .

========================================================================
Received Import Request.
  Time since last request: 22.300720 seconds.
  path: Packages/com.unity.collab-proxy/Editor/Collaborate/Assets/Icons/added-file-dark.png
  artifactKey: Guid(1a4f52b613391cd449af3ad2e44affeb) Importer(815301076,1909f56bfc062723c751e8b465ee728b)
Start importing Packages/com.unity.collab-proxy/Editor/Collaborate/Assets/Icons/added-file-dark.png using Guid(1a4f52b613391cd449af3ad2e44affeb) Importer(815301076,1909f56bfc062723c751e8b465ee728b)  -> (artifact id: 'b77d41a42e87eb5a91674ae1c8df0b7c') in 0.099007 seconds 
  Import took 0.103604 seconds .

========================================================================
Received Import Request.
  Time since last request: 0.000283 seconds.
  path: Packages/com.unity.collab-proxy/Editor/Collaborate/Assets/Icons/back-light@2x.png
  artifactKey: Guid(f5c57327df0fa294c8209aa216435167) Importer(815301076,1909f56bfc062723c751e8b465ee728b)
Start importing Packages/com.unity.collab-proxy/Editor/Collaborate/Assets/Icons/back-light@2x.png using Guid(f5c57327df0fa294c8209aa216435167) Importer(815301076,1909f56bfc062723c751e8b465ee728b)  -> (artifact id: '7a19767eecac75248737e0d3257daa49') in 0.010255 seconds 
  Import took 0.015415 seconds .

========================================================================
Received Import Request.
  Time since last request: 0.000288 seconds.
  path: Packages/com.unity.collab-proxy/Editor/Collaborate/Assets/Icons/back-dark.png
  artifactKey: Guid(8e3ec2dfd58b79842aa78376678a9a05) Importer(815301076,1909f56bfc062723c751e8b465ee728b)
Start importing Packages/com.unity.collab-proxy/Editor/Collaborate/Assets/Icons/back-dark.png using Guid(8e3ec2dfd58b79842aa78376678a9a05) Importer(815301076,1909f56bfc062723c751e8b465ee728b)  -> (artifact id: '1120dad2c955791f0d08bb6de74c145d') in 0.009404 seconds 
  Import took 0.015695 seconds .

========================================================================
Received Import Request.
  Time since last request: 0.000402 seconds.
  path: Packages/com.unity.collab-proxy/Editor/Collaborate/Assets/Icons/back-dark@2x.png
  artifactKey: Guid(9c6313a5316f8a34b852bf94ff96e3ab) Importer(815301076,1909f56bfc062723c751e8b465ee728b)
Start importing Packages/com.unity.collab-proxy/Editor/Collaborate/Assets/Icons/back-dark@2x.png using Guid(9c6313a5316f8a34b852bf94ff96e3ab) Importer(815301076,1909f56bfc062723c751e8b465ee728b)  -> (artifact id: '0d771563a8318786b75f329cd7acf45e') in 0.010169 seconds 
  Import took 0.015542 seconds .

========================================================================
Received Import Request.
  Time since last request: 0.000236 seconds.
  path: Packages/com.unity.collab-proxy/Editor/Collaborate/Assets/Icons/added-file-dark@2x.png
  artifactKey: Guid(c223e0c507e2c6549a2cb97441b62cbe) Importer(815301076,1909f56bfc062723c751e8b465ee728b)
Start importing Packages/com.unity.collab-proxy/Editor/Collaborate/Assets/Icons/added-file-dark@2x.png using Guid(c223e0c507e2c6549a2cb97441b62cbe) Importer(815301076,1909f56bfc062723c751e8b465ee728b)  -> (artifact id: '93e59d6fa495ad1ec87e0d9d43a03435') in 0.009826 seconds 
  Import took 0.014726 seconds .

========================================================================
Received Import Request.
  Time since last request: 0.000430 seconds.
  path: Packages/com.unity.collab-proxy/Editor/Collaborate/Assets/Icons/added-file-light@2x.png
  artifactKey: Guid(ec2e3aa6d0ab8ce4eac29b56d65d61d5) Importer(815301076,1909f56bfc062723c751e8b465ee728b)
Start importing Packages/com.unity.collab-proxy/Editor/Collaborate/Assets/Icons/added-file-light@2x.png using Guid(ec2e3aa6d0ab8ce4eac29b56d65d61d5) Importer(815301076,1909f56bfc062723c751e8b465ee728b)  -> (artifact id: '95abe8c3709127e84f13b34560d4a287') in 0.010814 seconds 
  Import took 0.016957 seconds .

========================================================================
Received Import Request.
  Time since last request: 0.000338 seconds.
  path: Packages/com.unity.collab-proxy/Editor/Collaborate/Assets/Icons/back-light.png
  artifactKey: Guid(e676ab7aa99535447a763c9f88bf9260) Importer(815301076,1909f56bfc062723c751e8b465ee728b)
Start importing Packages/com.unity.collab-proxy/Editor/Collaborate/Assets/Icons/back-light.png using Guid(e676ab7aa99535447a763c9f88bf9260) Importer(815301076,1909f56bfc062723c751e8b465ee728b)  -> (artifact id: 'aee5f271c58aa351adc83dfdbedfc05b') in 0.010158 seconds 
  Import took 0.015922 seconds .

========================================================================
Received Import Request.
  Time since last request: 0.000276 seconds.
  path: Packages/com.unity.collab-proxy/Editor/Collaborate/Assets/Icons/added-file-light.png
  artifactKey: Guid(397fff6c3885f8343bb65714f0064b5d) Importer(815301076,1909f56bfc062723c751e8b465ee728b)
Start importing Packages/com.unity.collab-proxy/Editor/Collaborate/Assets/Icons/added-file-light.png using Guid(397fff6c3885f8343bb65714f0064b5d) Importer(815301076,1909f56bfc062723c751e8b465ee728b)  -> (artifact id: 'b9e478397bf20862007d5b3e99d12c41') in 0.009054 seconds 
  Import took 0.013336 seconds .

========================================================================
Received Import Request.
  Time since last request: 87.070313 seconds.
  path: Assets/Models
  artifactKey: Guid(19563d281d991c94d9eeff1a31079cc0) Importer(815301076,1909f56bfc062723c751e8b465ee728b)
Start importing Assets/Models using Guid(19563d281d991c94d9eeff1a31079cc0) Importer(815301076,1909f56bfc062723c751e8b465ee728b)  -> (artifact id: '0db1dedc347c150a4440c02c0d409cda') in 0.002346 seconds 
  Import took 0.007364 seconds .

========================================================================
Received Import Request.
  Time since last request: 8.758858 seconds.
  path: Assets/Models/Cylinder.prefab
  artifactKey: Guid(10989c8879f709d40937c8f16c810d64) Importer(815301076,1909f56bfc062723c751e8b465ee728b)
Start importing Assets/Models/Cylinder.prefab using Guid(10989c8879f709d40937c8f16c810d64) Importer(815301076,1909f56bfc062723c751e8b465ee728b)  -> (artifact id: 'e2a1b7f27ee9eca935d18d9e6994b576') in 0.107547 seconds 
  Import took 0.112204 seconds .

========================================================================
Received Import Request.
  Time since last request: 18.170146 seconds.
  path: Assets/Models/Cylinder.prefab
  artifactKey: Guid(10989c8879f709d40937c8f16c810d64) Importer(815301076,1909f56bfc062723c751e8b465ee728b)
Start importing Assets/Models/Cylinder.prefab using Guid(10989c8879f709d40937c8f16c810d64) Importer(815301076,1909f56bfc062723c751e8b465ee728b)  -> (artifact id: '7c3526cd4c2bb2ca951f50b17dfcd10c') in 0.006936 seconds 
  Import took 0.012798 seconds .

========================================================================
Received Import Request.
  Time since last request: 339.409367 seconds.
  path: Assets/Prefabs/Cylinder.prefab
  artifactKey: Guid(10989c8879f709d40937c8f16c810d64) Importer(815301076,1909f56bfc062723c751e8b465ee728b)
Start importing Assets/Prefabs/Cylinder.prefab using Guid(10989c8879f709d40937c8f16c810d64) Importer(815301076,1909f56bfc062723c751e8b465ee728b)  -> (artifact id: '9315a1cb4044203ef81db00c1c975bc8') in 0.011769 seconds 
  Import took 0.017567 seconds .

========================================================================
Received Import Request.
  Time since last request: 11.369866 seconds.
  path: Assets/Prefabs/Checker.prefab
  artifactKey: Guid(10989c8879f709d40937c8f16c810d64) Importer(815301076,1909f56bfc062723c751e8b465ee728b)
Start importing Assets/Prefabs/Checker.prefab using Guid(10989c8879f709d40937c8f16c810d64) Importer(815301076,1909f56bfc062723c751e8b465ee728b)  -> (artifact id: '5ac85339352707d39152f74bd693b6b5') in 0.010871 seconds 
  Import took 0.015603 seconds .

========================================================================
Received Import Request.
  Time since last request: 77.715155 seconds.
  path: Assets/Scripts/Managers/BoardManager.cs
  artifactKey: Guid(ff6233025a8b80841962f6fdd75c3fc3) Importer(815301076,1909f56bfc062723c751e8b465ee728b)
Start importing Assets/Scripts/Managers/BoardManager.cs using Guid(ff6233025a8b80841962f6fdd75c3fc3) Importer(815301076,1909f56bfc062723c751e8b465ee728b)  -> (artifact id: '36ae415bdce2cd308b2437d8ef0a053f') in 0.019067 seconds 
  Import took 0.023444 seconds .

========================================================================
Received Import Request.
  Time since last request: 0.611341 seconds.
  path: Assets/Scripts/Managers/TriangleManager.cs
  artifactKey: Guid(5c19b4de6e27e684d876ff34fd3fe593) Importer(815301076,1909f56bfc062723c751e8b465ee728b)
Start importing Assets/Scripts/Managers/TriangleManager.cs using Guid(5c19b4de6e27e684d876ff34fd3fe593) Importer(815301076,1909f56bfc062723c751e8b465ee728b)  -> (artifact id: '98ed69ab11da65b9e29f904e20c658cf') in 0.002374 seconds 
  Import took 0.007215 seconds .

========================================================================
Received Import Request.
  Time since last request: 91.425435 seconds.
  path: Assets/Scripts/Managers/TriangleManager.cs
  artifactKey: Guid(5c19b4de6e27e684d876ff34fd3fe593) Importer(815301076,1909f56bfc062723c751e8b465ee728b)
Start importing Assets/Scripts/Managers/TriangleManager.cs using Guid(5c19b4de6e27e684d876ff34fd3fe593) Importer(815301076,1909f56bfc062723c751e8b465ee728b)  -> (artifact id: 'a9d07e531f7a10e2084d392ac412b431') in 0.002637 seconds 
  Import took 0.016770 seconds .

========================================================================
Received Import Request.
  Time since last request: 259.624632 seconds.
  path: Assets/Scripts/Managers/TriangleManager.cs
  artifactKey: Guid(5c19b4de6e27e684d876ff34fd3fe593) Importer(815301076,1909f56bfc062723c751e8b465ee728b)
Start importing Assets/Scripts/Managers/TriangleManager.cs using Guid(5c19b4de6e27e684d876ff34fd3fe593) Importer(815301076,1909f56bfc062723c751e8b465ee728b)  -> (artifact id: '257e40317f29865b97afafe4dc9fa915') in 0.002543 seconds 
  Import took 0.027290 seconds .

========================================================================
Received Prepare
Registering precompiled user dll's ...
Registered in 0.005828 seconds.
Begin MonoManager ReloadAssembly
Native extension for WindowsStandalone target not found
Refreshing native plugins compatible for Editor in 1.11 ms, found 2 plugins.
Preloading 0 native plugins for Editor in 0.00 ms.
Mono: successfully reloaded assembly
- Completed reload, in  2.205 seconds
Domain Reload Profiling:
	ReloadAssembly (2206ms)
		BeginReloadAssembly (198ms)
			ExecutionOrderSort (0ms)
			DisableScriptedObjects (10ms)
			BackupInstance (0ms)
			ReleaseScriptingObjects (0ms)
			CreateAndSetChildDomain (56ms)
		EndReloadAssembly (1878ms)
			LoadAssemblies (167ms)
			RebuildTransferFunctionScriptingTraits (0ms)
			SetupTypeCache (618ms)
			ReleaseScriptCaches (2ms)
			RebuildScriptCaches (119ms)
			SetupLoadedEditorAssemblies (720ms)
				LogAssemblyErrors (0ms)
				InitializePlatformSupportModulesInManaged (12ms)
				SetLoadedEditorAssemblies (1ms)
				RefreshPlugins (1ms)
				BeforeProcessingInitializeOnLoad (184ms)
				ProcessInitializeOnLoadAttributes (484ms)
				ProcessInitializeOnLoadMethodAttributes (23ms)
				AfterProcessingInitializeOnLoad (13ms)
				EditorAssembliesLoaded (1ms)
			ExecutionOrderSort2 (0ms)
			AwakeInstancesAfterBackupRestoration (18ms)
Platform modules already initialized, skipping
Refreshing native plugins compatible for Editor in 0.75 ms, found 2 plugins.
Preloading 0 native plugins for Editor in 0.00 ms.
Unloading 1609 Unused Serialized files (Serialized files now loaded: 0)
System memory in use before: 74.8 MB.
System memory in use after: 74.9 MB.

Unloading 28 unused Assets to reduce memory usage. Loaded Objects now: 2048.
Total: 6.405400 ms (FindLiveObjects: 0.332300 ms CreateObjectMapping: 0.181700 ms MarkObjects: 5.843200 ms  DeleteObjects: 0.045300 ms)

AssetImportParameters requested are different than current active one (requested -> active):
  custom:framework-win-MediaFoundation: 216162199b28c13a410421893ffa2e32 -> 
  custom:video-decoder-ogg-theora: a1e56fd34408186e4bbccfd4996cb3dc -> 
  custom:container-muxer-webm: aa71ff27fc2769a1b78a27578f13a17b -> 
  custom:container-demuxer-webm: 4f35f7cbe854078d1ac9338744f61a02 -> 
  custom:container-demuxer-ogg: 62fdf1f143b41e24485cea50d1cbac27 -> 
  custom:video-encoder-webm-vp8: eb34c28f22e8b96e1ab97ce403110664 -> 
  custom:video-decoder-webm-vp8: 9c59270c3fd7afecdb556c50c9e8de78 -> 
  custom:audio-decoder-ogg-vorbis: bf7c407c2cedff20999df2af8eb42d56 -> 
  custom:audio-encoder-webm-vorbis: bf7c407c2cedff20999df2af8eb42d56 -> 
========================================================================
Received Prepare
Registering precompiled user dll's ...
Registered in 0.004283 seconds.
Begin MonoManager ReloadAssembly
Native extension for WindowsStandalone target not found
Refreshing native plugins compatible for Editor in 0.62 ms, found 2 plugins.
Preloading 0 native plugins for Editor in 0.00 ms.
Mono: successfully reloaded assembly
- Completed reload, in  2.114 seconds
Domain Reload Profiling:
	ReloadAssembly (2115ms)
		BeginReloadAssembly (251ms)
			ExecutionOrderSort (0ms)
			DisableScriptedObjects (13ms)
			BackupInstance (0ms)
			ReleaseScriptingObjects (0ms)
			CreateAndSetChildDomain (89ms)
		EndReloadAssembly (1721ms)
			LoadAssemblies (176ms)
			RebuildTransferFunctionScriptingTraits (0ms)
			SetupTypeCache (587ms)
			ReleaseScriptCaches (1ms)
			RebuildScriptCaches (111ms)
			SetupLoadedEditorAssemblies (646ms)
				LogAssemblyErrors (0ms)
				InitializePlatformSupportModulesInManaged (8ms)
				SetLoadedEditorAssemblies (1ms)
				RefreshPlugins (1ms)
				BeforeProcessingInitializeOnLoad (161ms)
				ProcessInitializeOnLoadAttributes (445ms)
				ProcessInitializeOnLoadMethodAttributes (21ms)
				AfterProcessingInitializeOnLoad (10ms)
				EditorAssembliesLoaded (1ms)
			ExecutionOrderSort2 (0ms)
			AwakeInstancesAfterBackupRestoration (15ms)
Platform modules already initialized, skipping
Refreshing native plugins compatible for Editor in 1.10 ms, found 2 plugins.
Preloading 0 native plugins for Editor in 0.00 ms.
Unloading 1609 Unused Serialized files (Serialized files now loaded: 0)
System memory in use before: 74.8 MB.
System memory in use after: 74.9 MB.

Unloading 27 unused Assets to reduce memory usage. Loaded Objects now: 2050.
Total: 4.082900 ms (FindLiveObjects: 0.198200 ms CreateObjectMapping: 0.083000 ms MarkObjects: 3.763900 ms  DeleteObjects: 0.036200 ms)

AssetImportParameters requested are different than current active one (requested -> active):
  custom:framework-win-MediaFoundation: 216162199b28c13a410421893ffa2e32 -> 
  custom:video-decoder-ogg-theora: a1e56fd34408186e4bbccfd4996cb3dc -> 
  custom:container-muxer-webm: aa71ff27fc2769a1b78a27578f13a17b -> 
  custom:container-demuxer-webm: 4f35f7cbe854078d1ac9338744f61a02 -> 
  custom:container-demuxer-ogg: 62fdf1f143b41e24485cea50d1cbac27 -> 
  custom:video-encoder-webm-vp8: eb34c28f22e8b96e1ab97ce403110664 -> 
  custom:video-decoder-webm-vp8: 9c59270c3fd7afecdb556c50c9e8de78 -> 
  custom:audio-decoder-ogg-vorbis: bf7c407c2cedff20999df2af8eb42d56 -> 
  custom:audio-encoder-webm-vorbis: bf7c407c2cedff20999df2af8eb42d56 -> 
AssetImportWorkerClient::OnTransportError - code=2 error=End of file
